2014/07/08 15:35:53 [error] [exception.CHttpException.401] exception 'CHttpException' with message 'Access Denied.' in C:\wamp\www\sommelier\protected\extensions\freshRest\FrAuthFilter.php:41
Stack trace:
#0 C:\wamp\www\sommelier\framework\web\filters\CFilter.php(38): FrAuthFilter->preFilter(Object(CFilterChain))
#1 C:\wamp\www\sommelier\framework\web\filters\CFilterChain.php(130): CFilter->filter(Object(CFilterChain))
#2 C:\wamp\www\sommelier\framework\web\CController.php(291): CFilterChain->run()
#3 C:\wamp\www\sommelier\framework\web\CController.php(265): CController->runActionWithFilters(Object(CInlineAction), Array)
#4 C:\wamp\www\sommelier\protected\extensions\freshRest\FrApiBaseController.php(271): CController->run('view')
#5 C:\wamp\www\sommelier\framework\web\CController.php(270): FrApiBaseController->missingAction('2')
#6 C:\wamp\www\sommelier\framework\web\CWebApplication.php(282): CController->run('2')
#7 C:\wamp\www\sommelier\framework\web\CWebApplication.php(141): CWebApplication->runController('api/wineries/2')
#8 C:\wamp\www\sommelier\framework\base\CApplication.php(180): CWebApplication->processRequest()
#9 C:\wamp\www\sommelier\index.php(14): CApplication->run()
#10 {main}
REQUEST_URI=/sommelier/index.php/api/wineries/2
---
2014/07/08 15:36:52 [error] [exception.CHttpException.401] exception 'CHttpException' with message 'Access Denied.' in C:\wamp\www\sommelier\protected\extensions\freshRest\FrAuthFilter.php:41
Stack trace:
#0 C:\wamp\www\sommelier\framework\web\filters\CFilter.php(38): FrAuthFilter->preFilter(Object(CFilterChain))
#1 C:\wamp\www\sommelier\framework\web\filters\CFilterChain.php(130): CFilter->filter(Object(CFilterChain))
#2 C:\wamp\www\sommelier\framework\web\CController.php(291): CFilterChain->run()
#3 C:\wamp\www\sommelier\framework\web\CController.php(265): CController->runActionWithFilters(Object(CInlineAction), Array)
#4 C:\wamp\www\sommelier\protected\extensions\freshRest\FrApiBaseController.php(271): CController->run('view')
#5 C:\wamp\www\sommelier\framework\web\CController.php(270): FrApiBaseController->missingAction('2')
#6 C:\wamp\www\sommelier\framework\web\CWebApplication.php(282): CController->run('2')
#7 C:\wamp\www\sommelier\framework\web\CWebApplication.php(141): CWebApplication->runController('api/wineries/2')
#8 C:\wamp\www\sommelier\framework\base\CApplication.php(180): CWebApplication->processRequest()
#9 C:\wamp\www\sommelier\index.php(14): CApplication->run()
#10 {main}
REQUEST_URI=/sommelier/index.php/api/wineries/2
---
2014/07/08 15:37:00 [error] [exception.CHttpException.401] exception 'CHttpException' with message 'Access Denied.' in C:\wamp\www\sommelier\protected\extensions\freshRest\FrAuthFilter.php:41
Stack trace:
#0 C:\wamp\www\sommelier\framework\web\filters\CFilter.php(38): FrAuthFilter->preFilter(Object(CFilterChain))
#1 C:\wamp\www\sommelier\framework\web\filters\CFilterChain.php(130): CFilter->filter(Object(CFilterChain))
#2 C:\wamp\www\sommelier\framework\web\CController.php(291): CFilterChain->run()
#3 C:\wamp\www\sommelier\framework\web\CController.php(265): CController->runActionWithFilters(Object(CInlineAction), Array)
#4 C:\wamp\www\sommelier\protected\extensions\freshRest\FrApiBaseController.php(271): CController->run('view')
#5 C:\wamp\www\sommelier\framework\web\CController.php(270): FrApiBaseController->missingAction('2')
#6 C:\wamp\www\sommelier\framework\web\CWebApplication.php(282): CController->run('2')
#7 C:\wamp\www\sommelier\framework\web\CWebApplication.php(141): CWebApplication->runController('api/wineries/2')
#8 C:\wamp\www\sommelier\framework\base\CApplication.php(180): CWebApplication->processRequest()
#9 C:\wamp\www\sommelier\index.php(14): CApplication->run()
#10 {main}
REQUEST_URI=/sommelier/index.php/api/wineries/2
---
2014/07/08 15:37:16 [error] [exception.CHttpException.401] exception 'CHttpException' with message 'Access Denied.' in C:\wamp\www\sommelier\protected\extensions\freshRest\FrAuthFilter.php:41
Stack trace:
#0 C:\wamp\www\sommelier\framework\web\filters\CFilter.php(38): FrAuthFilter->preFilter(Object(CFilterChain))
#1 C:\wamp\www\sommelier\framework\web\filters\CFilterChain.php(130): CFilter->filter(Object(CFilterChain))
#2 C:\wamp\www\sommelier\framework\web\CController.php(291): CFilterChain->run()
#3 C:\wamp\www\sommelier\framework\web\CController.php(265): CController->runActionWithFilters(Object(CInlineAction), Array)
#4 C:\wamp\www\sommelier\framework\web\CWebApplication.php(282): CController->run('index')
#5 C:\wamp\www\sommelier\framework\web\CController.php(752): CWebApplication->runController('api/wineries/in...')
#6 C:\wamp\www\sommelier\protected\extensions\freshRest\FrApiBaseController.php(238): CController->forward('wineries/index')
#7 C:\wamp\www\sommelier\framework\web\CController.php(270): FrApiBaseController->missingAction('wineries')
#8 C:\wamp\www\sommelier\framework\web\CWebApplication.php(282): CController->run('wineries')
#9 C:\wamp\www\sommelier\framework\web\CWebApplication.php(141): CWebApplication->runController('api/default/win...')
#10 C:\wamp\www\sommelier\framework\base\CApplication.php(180): CWebApplication->processRequest()
#11 C:\wamp\www\sommelier\index.php(14): CApplication->run()
#12 {main}
REQUEST_URI=/sommelier/index.php/api/wineries
---
2014/07/08 15:44:51 [error] [exception.CHttpException.404] exception 'CHttpException' with message 'Unable to resolve the request "api/authenticate&key=junk".' in C:\wamp\www\sommelier\framework\web\CWebApplication.php:286
Stack trace:
#0 C:\wamp\www\sommelier\framework\web\CWebApplication.php(141): CWebApplication->runController('api/authenticat...')
#1 C:\wamp\www\sommelier\framework\base\CApplication.php(180): CWebApplication->processRequest()
#2 C:\wamp\www\sommelier\index.php(14): CApplication->run()
#3 {main}
REQUEST_URI=/sommelier/api/authenticate&key=junk
---
2014/07/08 15:45:21 [error] [exception.CHttpException.404] exception 'CHttpException' with message 'Unable to resolve the request "api/authenticate&key=junk".' in C:\wamp\www\sommelier\framework\web\CWebApplication.php:286
Stack trace:
#0 C:\wamp\www\sommelier\framework\web\CWebApplication.php(141): CWebApplication->runController('api/authenticat...')
#1 C:\wamp\www\sommelier\framework\base\CApplication.php(180): CWebApplication->processRequest()
#2 C:\wamp\www\sommelier\index.php(14): CApplication->run()
#3 {main}
REQUEST_URI=/sommelier/api/authenticate&key=junk
---
2014/07/08 15:45:42 [error] [exception.CHttpException.404] exception 'CHttpException' with message 'Unable to resolve the request "api/authenticate&key=junk".' in C:\wamp\www\sommelier\framework\web\CWebApplication.php:286
Stack trace:
#0 C:\wamp\www\sommelier\framework\web\CWebApplication.php(141): CWebApplication->runController('api/authenticat...')
#1 C:\wamp\www\sommelier\framework\base\CApplication.php(180): CWebApplication->processRequest()
#2 C:\wamp\www\sommelier\index.php(14): CApplication->run()
#3 {main}
REQUEST_URI=/sommelier/index.php/api/authenticate&key=junk
---
2014/07/08 15:50:15 [error] [exception.CHttpException.404] exception 'CHttpException' with message 'Unable to resolve the request "api/authenticate&token=stuff".' in C:\wamp\www\sommelier\framework\web\CWebApplication.php:286
Stack trace:
#0 C:\wamp\www\sommelier\framework\web\CWebApplication.php(141): CWebApplication->runController('api/authenticat...')
#1 C:\wamp\www\sommelier\framework\base\CApplication.php(180): CWebApplication->processRequest()
#2 C:\wamp\www\sommelier\index.php(14): CApplication->run()
#3 {main}
REQUEST_URI=/sommelier/api/authenticate&token=stuff
---
2014/07/08 15:54:47 [error] [exception.CHttpException.404] exception 'CHttpException' with message 'Unable to resolve the request "api/authenticate&token=whatever".' in C:\wamp\www\sommelier\framework\web\CWebApplication.php:286
Stack trace:
#0 C:\wamp\www\sommelier\framework\web\CWebApplication.php(141): CWebApplication->runController('api/authenticat...')
#1 C:\wamp\www\sommelier\framework\base\CApplication.php(180): CWebApplication->processRequest()
#2 C:\wamp\www\sommelier\index.php(14): CApplication->run()
#3 {main}
REQUEST_URI=/sommelier/index.php/api/authenticate&token=whatever
---
2014/07/16 15:24:43 [warning] [application] Failed to set unsafe attribute "description" of "Wineries".
2014/07/16 15:25:21 [warning] [application] Failed to set unsafe attribute "description" of "Wineries".
2014/07/17 21:07:06 [error] [php] Use of undefined constant ‘CStarRating’ - assumed '‘CStarRating’' (C:\wamp\www\sommelier\protected\views\cellarWines\_form.php:62)
Stack trace:
#0 C:\wamp\www\sommelier\framework\web\CController.php(869): CellarWinesController->renderFile()
#1 C:\wamp\www\sommelier\protected\views\cellarWines\update.php(21): CellarWinesController->renderPartial()
#2 C:\wamp\www\sommelier\framework\web\CBaseController.php(126): require()
#3 C:\wamp\www\sommelier\framework\web\CBaseController.php(95): CellarWinesController->renderInternal()
#4 C:\wamp\www\sommelier\framework\web\CController.php(869): CellarWinesController->renderFile()
#5 C:\wamp\www\sommelier\framework\web\CController.php(782): CellarWinesController->renderPartial()
#6 C:\wamp\www\sommelier\protected\controllers\CellarWinesController.php(204): CellarWinesController->render()
#7 unknown(0): CellarWinesController->actionAddWine()
#8 C:\wamp\www\sommelier\framework\web\actions\CAction.php(108): ReflectionMethod->invokeArgs()
#9 C:\wamp\www\sommelier\framework\web\actions\CInlineAction.php(47): CInlineAction->runWithParamsInternal()
#10 C:\wamp\www\sommelier\framework\web\CController.php(308): CInlineAction->runWithParams()
#11 C:\wamp\www\sommelier\framework\web\filters\CFilterChain.php(133): CellarWinesController->runAction()
#12 C:\wamp\www\sommelier\framework\web\filters\CFilter.php(40): CFilterChain->run()
#13 C:\wamp\www\sommelier\framework\web\CController.php(1145): CAccessControlFilter->filter()
#14 C:\wamp\www\sommelier\framework\web\filters\CInlineFilter.php(58): CellarWinesController->filterAccessControl()
#15 C:\wamp\www\sommelier\framework\web\filters\CFilterChain.php(130): CInlineFilter->filter()
#16 C:\wamp\www\sommelier\framework\web\CController.php(291): CFilterChain->run()
#17 C:\wamp\www\sommelier\framework\web\CController.php(265): CellarWinesController->runActionWithFilters()
#18 C:\wamp\www\sommelier\framework\web\CWebApplication.php(282): CellarWinesController->run()
#19 C:\wamp\www\sommelier\framework\web\CWebApplication.php(141): CWebApplication->runController()
#20 C:\wamp\www\sommelier\framework\base\CApplication.php(180): CWebApplication->processRequest()
#21 C:\wamp\www\sommelier\index.php(14): CWebApplication->run()
REQUEST_URI=/sommelier/index.php/cellarWines/addWine?wine_id=13
2014/07/17 21:22:33 [error] [php] Object of class CStarRating could not be converted to string (C:\wamp\www\sommelier\framework\zii\widgets\CDetailView.php:238)
Stack trace:
#0 C:\wamp\www\sommelier\framework\web\CBaseController.php(173): CDetailView->run()
#1 C:\wamp\www\sommelier\protected\views\cellarWines\view.php(74): CellarWinesController->widget()
#2 C:\wamp\www\sommelier\framework\web\CBaseController.php(126): require()
#3 C:\wamp\www\sommelier\framework\web\CBaseController.php(95): CellarWinesController->renderInternal()
#4 C:\wamp\www\sommelier\framework\web\CController.php(869): CellarWinesController->renderFile()
#5 C:\wamp\www\sommelier\framework\web\CController.php(782): CellarWinesController->renderPartial()
#6 C:\wamp\www\sommelier\protected\controllers\CellarWinesController.php(52): CellarWinesController->render()
#7 unknown(0): CellarWinesController->actionView()
#8 C:\wamp\www\sommelier\framework\web\actions\CAction.php(108): ReflectionMethod->invokeArgs()
#9 C:\wamp\www\sommelier\framework\web\actions\CInlineAction.php(47): CInlineAction->runWithParamsInternal()
#10 C:\wamp\www\sommelier\framework\web\CController.php(308): CInlineAction->runWithParams()
#11 C:\wamp\www\sommelier\framework\web\filters\CFilterChain.php(133): CellarWinesController->runAction()
#12 C:\wamp\www\sommelier\framework\web\filters\CFilter.php(40): CFilterChain->run()
#13 C:\wamp\www\sommelier\framework\web\CController.php(1145): CAccessControlFilter->filter()
#14 C:\wamp\www\sommelier\framework\web\filters\CInlineFilter.php(58): CellarWinesController->filterAccessControl()
#15 C:\wamp\www\sommelier\framework\web\filters\CFilterChain.php(130): CInlineFilter->filter()
#16 C:\wamp\www\sommelier\framework\web\CController.php(291): CFilterChain->run()
#17 C:\wamp\www\sommelier\framework\web\CController.php(265): CellarWinesController->runActionWithFilters()
#18 C:\wamp\www\sommelier\framework\web\CWebApplication.php(282): CellarWinesController->run()
#19 C:\wamp\www\sommelier\framework\web\CWebApplication.php(141): CWebApplication->runController()
#20 C:\wamp\www\sommelier\framework\base\CApplication.php(180): CWebApplication->processRequest()
#21 C:\wamp\www\sommelier\index.php(14): CWebApplication->run()
REQUEST_URI=/sommelier/index.php/cellarWines/11
2014/07/17 21:23:25 [error] [exception.CException] exception 'CException' with message 'Property "CellarWinesController.widget" is not defined.' in C:\wamp\www\sommelier\framework\base\CComponent.php:130
Stack trace:
#0 C:\wamp\www\sommelier\protected\views\cellarWines\view.php(56): CComponent->__get('widget')
#1 C:\wamp\www\sommelier\framework\web\CBaseController.php(126): require('C:\wamp\www\som...')
#2 C:\wamp\www\sommelier\framework\web\CBaseController.php(95): CBaseController->renderInternal('C:\wamp\www\som...', Array, true)
#3 C:\wamp\www\sommelier\framework\web\CController.php(869): CBaseController->renderFile('C:\wamp\www\som...', Array, true)
#4 C:\wamp\www\sommelier\framework\web\CController.php(782): CController->renderPartial('view', Array, true)
#5 C:\wamp\www\sommelier\protected\controllers\CellarWinesController.php(52): CController->render('view', Array)
#6 [internal function]: CellarWinesController->actionView('11')
#7 C:\wamp\www\sommelier\framework\web\actions\CAction.php(108): ReflectionMethod->invokeArgs(Object(CellarWinesController), Array)
#8 C:\wamp\www\sommelier\framework\web\actions\CInlineAction.php(47): CAction->runWithParamsInternal(Object(CellarWinesController), Object(ReflectionMethod), Array)
#9 C:\wamp\www\sommelier\framework\web\CController.php(308): CInlineAction->runWithParams(Array)
#10 C:\wamp\www\sommelier\framework\web\filters\CFilterChain.php(133): CController->runAction(Object(CInlineAction))
#11 C:\wamp\www\sommelier\framework\web\filters\CFilter.php(40): CFilterChain->run()
#12 C:\wamp\www\sommelier\framework\web\CController.php(1145): CFilter->filter(Object(CFilterChain))
#13 C:\wamp\www\sommelier\framework\web\filters\CInlineFilter.php(58): CController->filterAccessControl(Object(CFilterChain))
#14 C:\wamp\www\sommelier\framework\web\filters\CFilterChain.php(130): CInlineFilter->filter(Object(CFilterChain))
#15 C:\wamp\www\sommelier\framework\web\CController.php(291): CFilterChain->run()
#16 C:\wamp\www\sommelier\framework\web\CController.php(265): CController->runActionWithFilters(Object(CInlineAction), Array)
#17 C:\wamp\www\sommelier\framework\web\CWebApplication.php(282): CController->run('view')
#18 C:\wamp\www\sommelier\framework\web\CWebApplication.php(141): CWebApplication->runController('cellarWines/vie...')
#19 C:\wamp\www\sommelier\framework\base\CApplication.php(180): CWebApplication->processRequest()
#20 C:\wamp\www\sommelier\index.php(14): CApplication->run()
#21 {main}
REQUEST_URI=/sommelier/index.php/cellarWines/11
HTTP_REFERER=http://localhost/sommelier/index.php/cellarWines/index?cellar_id=1
---
2014/07/17 21:25:16 [error] [php] Object of class CStarRating could not be converted to string (C:\wamp\www\sommelier\framework\zii\widgets\CDetailView.php:238)
Stack trace:
#0 C:\wamp\www\sommelier\framework\web\CBaseController.php(173): CDetailView->run()
#1 C:\wamp\www\sommelier\protected\views\cellarWines\view.php(74): CellarWinesController->widget()
#2 C:\wamp\www\sommelier\framework\web\CBaseController.php(126): require()
#3 C:\wamp\www\sommelier\framework\web\CBaseController.php(95): CellarWinesController->renderInternal()
#4 C:\wamp\www\sommelier\framework\web\CController.php(869): CellarWinesController->renderFile()
#5 C:\wamp\www\sommelier\framework\web\CController.php(782): CellarWinesController->renderPartial()
#6 C:\wamp\www\sommelier\protected\controllers\CellarWinesController.php(52): CellarWinesController->render()
#7 unknown(0): CellarWinesController->actionView()
#8 C:\wamp\www\sommelier\framework\web\actions\CAction.php(108): ReflectionMethod->invokeArgs()
#9 C:\wamp\www\sommelier\framework\web\actions\CInlineAction.php(47): CInlineAction->runWithParamsInternal()
#10 C:\wamp\www\sommelier\framework\web\CController.php(308): CInlineAction->runWithParams()
#11 C:\wamp\www\sommelier\framework\web\filters\CFilterChain.php(133): CellarWinesController->runAction()
#12 C:\wamp\www\sommelier\framework\web\filters\CFilter.php(40): CFilterChain->run()
#13 C:\wamp\www\sommelier\framework\web\CController.php(1145): CAccessControlFilter->filter()
#14 C:\wamp\www\sommelier\framework\web\filters\CInlineFilter.php(58): CellarWinesController->filterAccessControl()
#15 C:\wamp\www\sommelier\framework\web\filters\CFilterChain.php(130): CInlineFilter->filter()
#16 C:\wamp\www\sommelier\framework\web\CController.php(291): CFilterChain->run()
#17 C:\wamp\www\sommelier\framework\web\CController.php(265): CellarWinesController->runActionWithFilters()
#18 C:\wamp\www\sommelier\framework\web\CWebApplication.php(282): CellarWinesController->run()
#19 C:\wamp\www\sommelier\framework\web\CWebApplication.php(141): CWebApplication->runController()
#20 C:\wamp\www\sommelier\framework\base\CApplication.php(180): CWebApplication->processRequest()
#21 C:\wamp\www\sommelier\index.php(14): CWebApplication->run()
REQUEST_URI=/sommelier/index.php/cellarWines/11
2014/07/17 21:27:35 [error] [php] Object of class CellarWines could not be converted to string (C:\wamp\www\sommelier\protected\views\cellarWines\view.php:63)
Stack trace:
#0 C:\wamp\www\sommelier\framework\web\CController.php(869): CellarWinesController->renderFile()
#1 C:\wamp\www\sommelier\framework\web\CController.php(782): CellarWinesController->renderPartial()
#2 C:\wamp\www\sommelier\protected\controllers\CellarWinesController.php(52): CellarWinesController->render()
#3 unknown(0): CellarWinesController->actionView()
#4 C:\wamp\www\sommelier\framework\web\actions\CAction.php(108): ReflectionMethod->invokeArgs()
#5 C:\wamp\www\sommelier\framework\web\actions\CInlineAction.php(47): CInlineAction->runWithParamsInternal()
#6 C:\wamp\www\sommelier\framework\web\CController.php(308): CInlineAction->runWithParams()
#7 C:\wamp\www\sommelier\framework\web\filters\CFilterChain.php(133): CellarWinesController->runAction()
#8 C:\wamp\www\sommelier\framework\web\filters\CFilter.php(40): CFilterChain->run()
#9 C:\wamp\www\sommelier\framework\web\CController.php(1145): CAccessControlFilter->filter()
#10 C:\wamp\www\sommelier\framework\web\filters\CInlineFilter.php(58): CellarWinesController->filterAccessControl()
#11 C:\wamp\www\sommelier\framework\web\filters\CFilterChain.php(130): CInlineFilter->filter()
#12 C:\wamp\www\sommelier\framework\web\CController.php(291): CFilterChain->run()
#13 C:\wamp\www\sommelier\framework\web\CController.php(265): CellarWinesController->runActionWithFilters()
#14 C:\wamp\www\sommelier\framework\web\CWebApplication.php(282): CellarWinesController->run()
#15 C:\wamp\www\sommelier\framework\web\CWebApplication.php(141): CWebApplication->runController()
#16 C:\wamp\www\sommelier\framework\base\CApplication.php(180): CWebApplication->processRequest()
#17 C:\wamp\www\sommelier\index.php(14): CWebApplication->run()
REQUEST_URI=/sommelier/index.php/cellarWines/11
2014/07/17 21:30:51 [error] [php] Object of class CStarRating could not be converted to string (C:\wamp\www\sommelier\framework\zii\widgets\CDetailView.php:238)
Stack trace:
#0 C:\wamp\www\sommelier\framework\web\CBaseController.php(173): CDetailView->run()
#1 C:\wamp\www\sommelier\protected\views\cellarWines\view.php(74): CellarWinesController->widget()
#2 C:\wamp\www\sommelier\framework\web\CBaseController.php(126): require()
#3 C:\wamp\www\sommelier\framework\web\CBaseController.php(95): CellarWinesController->renderInternal()
#4 C:\wamp\www\sommelier\framework\web\CController.php(869): CellarWinesController->renderFile()
#5 C:\wamp\www\sommelier\framework\web\CController.php(782): CellarWinesController->renderPartial()
#6 C:\wamp\www\sommelier\protected\controllers\CellarWinesController.php(52): CellarWinesController->render()
#7 unknown(0): CellarWinesController->actionView()
#8 C:\wamp\www\sommelier\framework\web\actions\CAction.php(108): ReflectionMethod->invokeArgs()
#9 C:\wamp\www\sommelier\framework\web\actions\CInlineAction.php(47): CInlineAction->runWithParamsInternal()
#10 C:\wamp\www\sommelier\framework\web\CController.php(308): CInlineAction->runWithParams()
#11 C:\wamp\www\sommelier\framework\web\filters\CFilterChain.php(133): CellarWinesController->runAction()
#12 C:\wamp\www\sommelier\framework\web\filters\CFilter.php(40): CFilterChain->run()
#13 C:\wamp\www\sommelier\framework\web\CController.php(1145): CAccessControlFilter->filter()
#14 C:\wamp\www\sommelier\framework\web\filters\CInlineFilter.php(58): CellarWinesController->filterAccessControl()
#15 C:\wamp\www\sommelier\framework\web\filters\CFilterChain.php(130): CInlineFilter->filter()
#16 C:\wamp\www\sommelier\framework\web\CController.php(291): CFilterChain->run()
#17 C:\wamp\www\sommelier\framework\web\CController.php(265): CellarWinesController->runActionWithFilters()
#18 C:\wamp\www\sommelier\framework\web\CWebApplication.php(282): CellarWinesController->run()
#19 C:\wamp\www\sommelier\framework\web\CWebApplication.php(141): CWebApplication->runController()
#20 C:\wamp\www\sommelier\framework\base\CApplication.php(180): CWebApplication->processRequest()
#21 C:\wamp\www\sommelier\index.php(14): CWebApplication->run()
REQUEST_URI=/sommelier/index.php/cellarWines/11
2014/07/18 15:33:26 [error] [exception.CException] exception 'CException' with message 'Unknown type "link".' in C:\wamp\www\sommelier\framework\utils\CFormatter.php:130
Stack trace:
#0 C:\wamp\www\sommelier\framework\zii\widgets\CDetailView.php(218): CFormatter->format('http://www.cant...', 'link')
#1 C:\wamp\www\sommelier\framework\web\CBaseController.php(173): CDetailView->run()
#2 C:\wamp\www\sommelier\protected\views\wineries\view.php(36): CBaseController->widget('zii.widgets.CDe...', Array)
#3 C:\wamp\www\sommelier\framework\web\CBaseController.php(126): require('C:\wamp\www\som...')
#4 C:\wamp\www\sommelier\framework\web\CBaseController.php(95): CBaseController->renderInternal('C:\wamp\www\som...', Array, true)
#5 C:\wamp\www\sommelier\framework\web\CController.php(869): CBaseController->renderFile('C:\wamp\www\som...', Array, true)
#6 C:\wamp\www\sommelier\framework\web\CController.php(782): CController->renderPartial('view', Array, true)
#7 C:\wamp\www\sommelier\protected\controllers\WineriesController.php(52): CController->render('view', Array)
#8 [internal function]: WineriesController->actionView('1')
#9 C:\wamp\www\sommelier\framework\web\actions\CAction.php(108): ReflectionMethod->invokeArgs(Object(WineriesController), Array)
#10 C:\wamp\www\sommelier\framework\web\actions\CInlineAction.php(47): CAction->runWithParamsInternal(Object(WineriesController), Object(ReflectionMethod), Array)
#11 C:\wamp\www\sommelier\framework\web\CController.php(308): CInlineAction->runWithParams(Array)
#12 C:\wamp\www\sommelier\framework\web\filters\CFilterChain.php(133): CController->runAction(Object(CInlineAction))
#13 C:\wamp\www\sommelier\framework\web\filters\CFilter.php(40): CFilterChain->run()
#14 C:\wamp\www\sommelier\framework\web\CController.php(1145): CFilter->filter(Object(CFilterChain))
#15 C:\wamp\www\sommelier\framework\web\filters\CInlineFilter.php(58): CController->filterAccessControl(Object(CFilterChain))
#16 C:\wamp\www\sommelier\framework\web\filters\CFilterChain.php(130): CInlineFilter->filter(Object(CFilterChain))
#17 C:\wamp\www\sommelier\framework\web\CController.php(291): CFilterChain->run()
#18 C:\wamp\www\sommelier\framework\web\CController.php(265): CController->runActionWithFilters(Object(CInlineAction), Array)
#19 C:\wamp\www\sommelier\framework\web\CWebApplication.php(282): CController->run('view')
#20 C:\wamp\www\sommelier\framework\web\CWebApplication.php(141): CWebApplication->runController('wineries/view')
#21 C:\wamp\www\sommelier\framework\base\CApplication.php(180): CWebApplication->processRequest()
#22 C:\wamp\www\sommelier\index.php(14): CApplication->run()
#23 {main}
REQUEST_URI=/sommelier/index.php/wineries/1
HTTP_REFERER=http://localhost/sommelier/index.php/wineries/index
---
2014/07/18 16:14:34 [error] [exception.CException] exception 'CException' with message 'MyFormatter and its behaviors do not have a method or closure named "widget".' in C:\wamp\www\sommelier\framework\base\CComponent.php:266
Stack trace:
#0 C:\wamp\www\sommelier\framework\utils\CFormatter.php(113): CComponent->__call('widget', Array)
#1 C:\wamp\www\sommelier\protected\extensions\MyFormatter\MyFormatter.php(25): CFormatter->__call('widget', Array)
#2 C:\wamp\www\sommelier\protected\extensions\MyFormatter\MyFormatter.php(25): MyFormatter->widget('CStarRating', Array)
#3 C:\wamp\www\sommelier\framework\utils\CFormatter.php(128): MyFormatter->formatStarRating('90')
#4 C:\wamp\www\sommelier\framework\zii\widgets\CDetailView.php(218): CFormatter->format('90', 'starRating')
#5 C:\wamp\www\sommelier\framework\web\CBaseController.php(173): CDetailView->run()
#6 C:\wamp\www\sommelier\protected\views\cellarWines\view.php(62): CBaseController->widget('zii.widgets.CDe...', Array)
#7 C:\wamp\www\sommelier\framework\web\CBaseController.php(126): require('C:\wamp\www\som...')
#8 C:\wamp\www\sommelier\framework\web\CBaseController.php(95): CBaseController->renderInternal('C:\wamp\www\som...', Array, true)
#9 C:\wamp\www\sommelier\framework\web\CController.php(869): CBaseController->renderFile('C:\wamp\www\som...', Array, true)
#10 C:\wamp\www\sommelier\framework\web\CController.php(782): CController->renderPartial('view', Array, true)
#11 C:\wamp\www\sommelier\protected\controllers\CellarWinesController.php(52): CController->render('view', Array)
#12 [internal function]: CellarWinesController->actionView('1')
#13 C:\wamp\www\sommelier\framework\web\actions\CAction.php(108): ReflectionMethod->invokeArgs(Object(CellarWinesController), Array)
#14 C:\wamp\www\sommelier\framework\web\actions\CInlineAction.php(47): CAction->runWithParamsInternal(Object(CellarWinesController), Object(ReflectionMethod), Array)
#15 C:\wamp\www\sommelier\framework\web\CController.php(308): CInlineAction->runWithParams(Array)
#16 C:\wamp\www\sommelier\framework\web\filters\CFilterChain.php(133): CController->runAction(Object(CInlineAction))
#17 C:\wamp\www\sommelier\framework\web\filters\CFilter.php(40): CFilterChain->run()
#18 C:\wamp\www\sommelier\framework\web\CController.php(1145): CFilter->filter(Object(CFilterChain))
#19 C:\wamp\www\sommelier\framework\web\filters\CInlineFilter.php(58): CController->filterAccessControl(Object(CFilterChain))
#20 C:\wamp\www\sommelier\framework\web\filters\CFilterChain.php(130): CInlineFilter->filter(Object(CFilterChain))
#21 C:\wamp\www\sommelier\framework\web\CController.php(291): CFilterChain->run()
#22 C:\wamp\www\sommelier\framework\web\CController.php(265): CController->runActionWithFilters(Object(CInlineAction), Array)
#23 C:\wamp\www\sommelier\framework\web\CWebApplication.php(282): CController->run('view')
#24 C:\wamp\www\sommelier\framework\web\CWebApplication.php(141): CWebApplication->runController('cellarWines/vie...')
#25 C:\wamp\www\sommelier\framework\base\CApplication.php(180): CWebApplication->processRequest()
#26 C:\wamp\www\sommelier\index.php(14): CApplication->run()
#27 {main}
REQUEST_URI=/sommelier/index.php/cellarWines/1
HTTP_REFERER=http://localhost/sommelier/index.php/cellarWines/index?cellar_id=1
---
2014/07/18 16:18:49 [error] [php] Non-static method CBaseController::widget() should not be called statically, assuming $this from incompatible context (C:\wamp\www\sommelier\protected\extensions\MyFormatter\MyFormatter.php:19)
Stack trace:
#0 C:\wamp\www\sommelier\framework\web\CBaseController.php(173): CDetailView->run()
#1 C:\wamp\www\sommelier\protected\views\cellarWines\view.php(62): CellarWinesController->widget()
#2 C:\wamp\www\sommelier\framework\web\CBaseController.php(126): require()
#3 C:\wamp\www\sommelier\framework\web\CBaseController.php(95): CellarWinesController->renderInternal()
#4 C:\wamp\www\sommelier\framework\web\CController.php(869): CellarWinesController->renderFile()
#5 C:\wamp\www\sommelier\framework\web\CController.php(782): CellarWinesController->renderPartial()
#6 C:\wamp\www\sommelier\protected\controllers\CellarWinesController.php(52): CellarWinesController->render()
#7 unknown(0): CellarWinesController->actionView()
#8 C:\wamp\www\sommelier\framework\web\actions\CAction.php(108): ReflectionMethod->invokeArgs()
#9 C:\wamp\www\sommelier\framework\web\actions\CInlineAction.php(47): CInlineAction->runWithParamsInternal()
#10 C:\wamp\www\sommelier\framework\web\CController.php(308): CInlineAction->runWithParams()
#11 C:\wamp\www\sommelier\framework\web\filters\CFilterChain.php(133): CellarWinesController->runAction()
#12 C:\wamp\www\sommelier\framework\web\filters\CFilter.php(40): CFilterChain->run()
#13 C:\wamp\www\sommelier\framework\web\CController.php(1145): CAccessControlFilter->filter()
#14 C:\wamp\www\sommelier\framework\web\filters\CInlineFilter.php(58): CellarWinesController->filterAccessControl()
#15 C:\wamp\www\sommelier\framework\web\filters\CFilterChain.php(130): CInlineFilter->filter()
#16 C:\wamp\www\sommelier\framework\web\CController.php(291): CFilterChain->run()
#17 C:\wamp\www\sommelier\framework\web\CController.php(265): CellarWinesController->runActionWithFilters()
#18 C:\wamp\www\sommelier\framework\web\CWebApplication.php(282): CellarWinesController->run()
#19 C:\wamp\www\sommelier\framework\web\CWebApplication.php(141): CWebApplication->runController()
#20 C:\wamp\www\sommelier\framework\base\CApplication.php(180): CWebApplication->processRequest()
#21 C:\wamp\www\sommelier\index.php(14): CWebApplication->run()
REQUEST_URI=/sommelier/index.php/cellarWines/1
2014/07/18 16:19:34 [error] [php] include(Zii.php): failed to open stream: No such file or directory (C:\wamp\www\sommelier\framework\YiiBase.php:427)
Stack trace:
#0 C:\wamp\www\sommelier\protected\extensions\MyFormatter\MyFormatter.php(19): spl_autoload_call()
#1 C:\wamp\www\sommelier\framework\utils\CFormatter.php(128): MyFormatter->formatStarRating()
#2 C:\wamp\www\sommelier\framework\zii\widgets\CDetailView.php(218): MyFormatter->format()
#3 C:\wamp\www\sommelier\framework\web\CBaseController.php(173): CDetailView->run()
#4 C:\wamp\www\sommelier\protected\views\cellarWines\view.php(62): CellarWinesController->widget()
#5 C:\wamp\www\sommelier\framework\web\CBaseController.php(126): require()
#6 C:\wamp\www\sommelier\framework\web\CBaseController.php(95): CellarWinesController->renderInternal()
#7 C:\wamp\www\sommelier\framework\web\CController.php(869): CellarWinesController->renderFile()
#8 C:\wamp\www\sommelier\framework\web\CController.php(782): CellarWinesController->renderPartial()
#9 C:\wamp\www\sommelier\protected\controllers\CellarWinesController.php(52): CellarWinesController->render()
#10 unknown(0): CellarWinesController->actionView()
#11 C:\wamp\www\sommelier\framework\web\actions\CAction.php(108): ReflectionMethod->invokeArgs()
#12 C:\wamp\www\sommelier\framework\web\actions\CInlineAction.php(47): CInlineAction->runWithParamsInternal()
#13 C:\wamp\www\sommelier\framework\web\CController.php(308): CInlineAction->runWithParams()
#14 C:\wamp\www\sommelier\framework\web\filters\CFilterChain.php(133): CellarWinesController->runAction()
#15 C:\wamp\www\sommelier\framework\web\filters\CFilter.php(40): CFilterChain->run()
#16 C:\wamp\www\sommelier\framework\web\CController.php(1145): CAccessControlFilter->filter()
#17 C:\wamp\www\sommelier\framework\web\filters\CInlineFilter.php(58): CellarWinesController->filterAccessControl()
#18 C:\wamp\www\sommelier\framework\web\filters\CFilterChain.php(130): CInlineFilter->filter()
#19 C:\wamp\www\sommelier\framework\web\CController.php(291): CFilterChain->run()
#20 C:\wamp\www\sommelier\framework\web\CController.php(265): CellarWinesController->runActionWithFilters()
#21 C:\wamp\www\sommelier\framework\web\CWebApplication.php(282): CellarWinesController->run()
#22 C:\wamp\www\sommelier\framework\web\CWebApplication.php(141): CWebApplication->runController()
#23 C:\wamp\www\sommelier\framework\base\CApplication.php(180): CWebApplication->processRequest()
#24 C:\wamp\www\sommelier\index.php(14): CWebApplication->run()
REQUEST_URI=/sommelier/index.php/cellarWines/1
2014/07/18 16:21:38 [error] [php] Use of undefined constant System - assumed 'System' (C:\wamp\www\sommelier\protected\extensions\MyFormatter\MyFormatter.php:19)
Stack trace:
#0 C:\wamp\www\sommelier\framework\web\CBaseController.php(173): CDetailView->run()
#1 C:\wamp\www\sommelier\protected\views\cellarWines\view.php(62): CellarWinesController->widget()
#2 C:\wamp\www\sommelier\framework\web\CBaseController.php(126): require()
#3 C:\wamp\www\sommelier\framework\web\CBaseController.php(95): CellarWinesController->renderInternal()
#4 C:\wamp\www\sommelier\framework\web\CController.php(869): CellarWinesController->renderFile()
#5 C:\wamp\www\sommelier\framework\web\CController.php(782): CellarWinesController->renderPartial()
#6 C:\wamp\www\sommelier\protected\controllers\CellarWinesController.php(52): CellarWinesController->render()
#7 unknown(0): CellarWinesController->actionView()
#8 C:\wamp\www\sommelier\framework\web\actions\CAction.php(108): ReflectionMethod->invokeArgs()
#9 C:\wamp\www\sommelier\framework\web\actions\CInlineAction.php(47): CInlineAction->runWithParamsInternal()
#10 C:\wamp\www\sommelier\framework\web\CController.php(308): CInlineAction->runWithParams()
#11 C:\wamp\www\sommelier\framework\web\filters\CFilterChain.php(133): CellarWinesController->runAction()
#12 C:\wamp\www\sommelier\framework\web\filters\CFilter.php(40): CFilterChain->run()
#13 C:\wamp\www\sommelier\framework\web\CController.php(1145): CAccessControlFilter->filter()
#14 C:\wamp\www\sommelier\framework\web\filters\CInlineFilter.php(58): CellarWinesController->filterAccessControl()
#15 C:\wamp\www\sommelier\framework\web\filters\CFilterChain.php(130): CInlineFilter->filter()
#16 C:\wamp\www\sommelier\framework\web\CController.php(291): CFilterChain->run()
#17 C:\wamp\www\sommelier\framework\web\CController.php(265): CellarWinesController->runActionWithFilters()
#18 C:\wamp\www\sommelier\framework\web\CWebApplication.php(282): CellarWinesController->run()
#19 C:\wamp\www\sommelier\framework\web\CWebApplication.php(141): CWebApplication->runController()
#20 C:\wamp\www\sommelier\framework\base\CApplication.php(180): CWebApplication->processRequest()
#21 C:\wamp\www\sommelier\index.php(14): CWebApplication->run()
REQUEST_URI=/sommelier/index.php/cellarWines/1
2014/07/18 16:21:59 [error] [php] Use of undefined constant system - assumed 'system' (C:\wamp\www\sommelier\protected\extensions\MyFormatter\MyFormatter.php:19)
Stack trace:
#0 C:\wamp\www\sommelier\framework\web\CBaseController.php(173): CDetailView->run()
#1 C:\wamp\www\sommelier\protected\views\cellarWines\view.php(62): CellarWinesController->widget()
#2 C:\wamp\www\sommelier\framework\web\CBaseController.php(126): require()
#3 C:\wamp\www\sommelier\framework\web\CBaseController.php(95): CellarWinesController->renderInternal()
#4 C:\wamp\www\sommelier\framework\web\CController.php(869): CellarWinesController->renderFile()
#5 C:\wamp\www\sommelier\framework\web\CController.php(782): CellarWinesController->renderPartial()
#6 C:\wamp\www\sommelier\protected\controllers\CellarWinesController.php(52): CellarWinesController->render()
#7 unknown(0): CellarWinesController->actionView()
#8 C:\wamp\www\sommelier\framework\web\actions\CAction.php(108): ReflectionMethod->invokeArgs()
#9 C:\wamp\www\sommelier\framework\web\actions\CInlineAction.php(47): CInlineAction->runWithParamsInternal()
#10 C:\wamp\www\sommelier\framework\web\CController.php(308): CInlineAction->runWithParams()
#11 C:\wamp\www\sommelier\framework\web\filters\CFilterChain.php(133): CellarWinesController->runAction()
#12 C:\wamp\www\sommelier\framework\web\filters\CFilter.php(40): CFilterChain->run()
#13 C:\wamp\www\sommelier\framework\web\CController.php(1145): CAccessControlFilter->filter()
#14 C:\wamp\www\sommelier\framework\web\filters\CInlineFilter.php(58): CellarWinesController->filterAccessControl()
#15 C:\wamp\www\sommelier\framework\web\filters\CFilterChain.php(130): CInlineFilter->filter()
#16 C:\wamp\www\sommelier\framework\web\CController.php(291): CFilterChain->run()
#17 C:\wamp\www\sommelier\framework\web\CController.php(265): CellarWinesController->runActionWithFilters()
#18 C:\wamp\www\sommelier\framework\web\CWebApplication.php(282): CellarWinesController->run()
#19 C:\wamp\www\sommelier\framework\web\CWebApplication.php(141): CWebApplication->runController()
#20 C:\wamp\www\sommelier\framework\base\CApplication.php(180): CWebApplication->processRequest()
#21 C:\wamp\www\sommelier\index.php(14): CWebApplication->run()
REQUEST_URI=/sommelier/index.php/cellarWines/1
2014/07/18 16:22:10 [error] [php] include(web.php): failed to open stream: No such file or directory (C:\wamp\www\sommelier\framework\YiiBase.php:427)
Stack trace:
#0 C:\wamp\www\sommelier\protected\extensions\MyFormatter\MyFormatter.php(19): spl_autoload_call()
#1 C:\wamp\www\sommelier\framework\utils\CFormatter.php(128): MyFormatter->formatStarRating()
#2 C:\wamp\www\sommelier\framework\zii\widgets\CDetailView.php(218): MyFormatter->format()
#3 C:\wamp\www\sommelier\framework\web\CBaseController.php(173): CDetailView->run()
#4 C:\wamp\www\sommelier\protected\views\cellarWines\view.php(62): CellarWinesController->widget()
#5 C:\wamp\www\sommelier\framework\web\CBaseController.php(126): require()
#6 C:\wamp\www\sommelier\framework\web\CBaseController.php(95): CellarWinesController->renderInternal()
#7 C:\wamp\www\sommelier\framework\web\CController.php(869): CellarWinesController->renderFile()
#8 C:\wamp\www\sommelier\framework\web\CController.php(782): CellarWinesController->renderPartial()
#9 C:\wamp\www\sommelier\protected\controllers\CellarWinesController.php(52): CellarWinesController->render()
#10 unknown(0): CellarWinesController->actionView()
#11 C:\wamp\www\sommelier\framework\web\actions\CAction.php(108): ReflectionMethod->invokeArgs()
#12 C:\wamp\www\sommelier\framework\web\actions\CInlineAction.php(47): CInlineAction->runWithParamsInternal()
#13 C:\wamp\www\sommelier\framework\web\CController.php(308): CInlineAction->runWithParams()
#14 C:\wamp\www\sommelier\framework\web\filters\CFilterChain.php(133): CellarWinesController->runAction()
#15 C:\wamp\www\sommelier\framework\web\filters\CFilter.php(40): CFilterChain->run()
#16 C:\wamp\www\sommelier\framework\web\CController.php(1145): CAccessControlFilter->filter()
#17 C:\wamp\www\sommelier\framework\web\filters\CInlineFilter.php(58): CellarWinesController->filterAccessControl()
#18 C:\wamp\www\sommelier\framework\web\filters\CFilterChain.php(130): CInlineFilter->filter()
#19 C:\wamp\www\sommelier\framework\web\CController.php(291): CFilterChain->run()
#20 C:\wamp\www\sommelier\framework\web\CController.php(265): CellarWinesController->runActionWithFilters()
#21 C:\wamp\www\sommelier\framework\web\CWebApplication.php(282): CellarWinesController->run()
#22 C:\wamp\www\sommelier\framework\web\CWebApplication.php(141): CWebApplication->runController()
#23 C:\wamp\www\sommelier\framework\base\CApplication.php(180): CWebApplication->processRequest()
#24 C:\wamp\www\sommelier\index.php(14): CWebApplication->run()
REQUEST_URI=/sommelier/index.php/cellarWines/1
2014/07/18 18:44:12 [error] [exception.CException] exception 'CException' with message 'Unknown type "starRating".' in C:\wamp\www\sommelier\framework\utils\CFormatter.php:130
Stack trace:
#0 C:\wamp\www\sommelier\framework\zii\widgets\CDetailView.php(218): CFormatter->format('90', 'starRating')
#1 C:\wamp\www\sommelier\framework\web\CBaseController.php(173): CDetailView->run()
#2 C:\wamp\www\sommelier\protected\views\cellarWines\view.php(62): CBaseController->widget('zii.widgets.CDe...', Array)
#3 C:\wamp\www\sommelier\framework\web\CBaseController.php(126): require('C:\wamp\www\som...')
#4 C:\wamp\www\sommelier\framework\web\CBaseController.php(95): CBaseController->renderInternal('C:\wamp\www\som...', Array, true)
#5 C:\wamp\www\sommelier\framework\web\CController.php(869): CBaseController->renderFile('C:\wamp\www\som...', Array, true)
#6 C:\wamp\www\sommelier\framework\web\CController.php(782): CController->renderPartial('view', Array, true)
#7 C:\wamp\www\sommelier\protected\controllers\CellarWinesController.php(52): CController->render('view', Array)
#8 [internal function]: CellarWinesController->actionView('1')
#9 C:\wamp\www\sommelier\framework\web\actions\CAction.php(108): ReflectionMethod->invokeArgs(Object(CellarWinesController), Array)
#10 C:\wamp\www\sommelier\framework\web\actions\CInlineAction.php(47): CAction->runWithParamsInternal(Object(CellarWinesController), Object(ReflectionMethod), Array)
#11 C:\wamp\www\sommelier\framework\web\CController.php(308): CInlineAction->runWithParams(Array)
#12 C:\wamp\www\sommelier\framework\web\filters\CFilterChain.php(133): CController->runAction(Object(CInlineAction))
#13 C:\wamp\www\sommelier\framework\web\filters\CFilter.php(40): CFilterChain->run()
#14 C:\wamp\www\sommelier\framework\web\CController.php(1145): CFilter->filter(Object(CFilterChain))
#15 C:\wamp\www\sommelier\framework\web\filters\CInlineFilter.php(58): CController->filterAccessControl(Object(CFilterChain))
#16 C:\wamp\www\sommelier\framework\web\filters\CFilterChain.php(130): CInlineFilter->filter(Object(CFilterChain))
#17 C:\wamp\www\sommelier\framework\web\CController.php(291): CFilterChain->run()
#18 C:\wamp\www\sommelier\framework\web\CController.php(265): CController->runActionWithFilters(Object(CInlineAction), Array)
#19 C:\wamp\www\sommelier\framework\web\CWebApplication.php(282): CController->run('view')
#20 C:\wamp\www\sommelier\framework\web\CWebApplication.php(141): CWebApplication->runController('cellarWines/vie...')
#21 C:\wamp\www\sommelier\framework\base\CApplication.php(180): CWebApplication->processRequest()
#22 C:\wamp\www\sommelier\index.php(14): CApplication->run()
#23 {main}
REQUEST_URI=/sommelier/index.php/cellarWines/1
HTTP_REFERER=http://localhost/sommelier/index.php/cellarWines/index?cellar_id=1
---
2014/07/21 14:32:17 [error] [php] include(MyFormatter.php): failed to open stream: No such file or directory (C:\wamp\www\sommelier\framework\YiiBase.php:427)
Stack trace:
#0 C:\wamp\www\sommelier\protected\views\cellarWines\view.php(25): spl_autoload_call()
#1 C:\wamp\www\sommelier\framework\web\CBaseController.php(126): require()
#2 C:\wamp\www\sommelier\framework\web\CBaseController.php(95): CellarWinesController->renderInternal()
#3 C:\wamp\www\sommelier\framework\web\CController.php(869): CellarWinesController->renderFile()
#4 C:\wamp\www\sommelier\framework\web\CController.php(782): CellarWinesController->renderPartial()
#5 C:\wamp\www\sommelier\protected\controllers\CellarWinesController.php(52): CellarWinesController->render()
#6 unknown(0): CellarWinesController->actionView()
#7 C:\wamp\www\sommelier\framework\web\actions\CAction.php(108): ReflectionMethod->invokeArgs()
#8 C:\wamp\www\sommelier\framework\web\actions\CInlineAction.php(47): CInlineAction->runWithParamsInternal()
#9 C:\wamp\www\sommelier\framework\web\CController.php(308): CInlineAction->runWithParams()
#10 C:\wamp\www\sommelier\framework\web\filters\CFilterChain.php(133): CellarWinesController->runAction()
#11 C:\wamp\www\sommelier\framework\web\filters\CFilter.php(40): CFilterChain->run()
#12 C:\wamp\www\sommelier\framework\web\CController.php(1145): CAccessControlFilter->filter()
#13 C:\wamp\www\sommelier\framework\web\filters\CInlineFilter.php(58): CellarWinesController->filterAccessControl()
#14 C:\wamp\www\sommelier\framework\web\filters\CFilterChain.php(130): CInlineFilter->filter()
#15 C:\wamp\www\sommelier\framework\web\CController.php(291): CFilterChain->run()
#16 C:\wamp\www\sommelier\framework\web\CController.php(265): CellarWinesController->runActionWithFilters()
#17 C:\wamp\www\sommelier\framework\web\CWebApplication.php(282): CellarWinesController->run()
#18 C:\wamp\www\sommelier\framework\web\CWebApplication.php(141): CWebApplication->runController()
#19 C:\wamp\www\sommelier\framework\base\CApplication.php(180): CWebApplication->processRequest()
#20 C:\wamp\www\sommelier\index.php(14): CWebApplication->run()
REQUEST_URI=/sommelier/index.php/cellarWines/1
2014/07/21 14:32:44 [error] [php] include(ext.php): failed to open stream: No such file or directory (C:\wamp\www\sommelier\framework\YiiBase.php:427)
Stack trace:
#0 C:\wamp\www\sommelier\protected\views\cellarWines\view.php(25): spl_autoload_call()
#1 C:\wamp\www\sommelier\framework\web\CBaseController.php(126): require()
#2 C:\wamp\www\sommelier\framework\web\CBaseController.php(95): CellarWinesController->renderInternal()
#3 C:\wamp\www\sommelier\framework\web\CController.php(869): CellarWinesController->renderFile()
#4 C:\wamp\www\sommelier\framework\web\CController.php(782): CellarWinesController->renderPartial()
#5 C:\wamp\www\sommelier\protected\controllers\CellarWinesController.php(52): CellarWinesController->render()
#6 unknown(0): CellarWinesController->actionView()
#7 C:\wamp\www\sommelier\framework\web\actions\CAction.php(108): ReflectionMethod->invokeArgs()
#8 C:\wamp\www\sommelier\framework\web\actions\CInlineAction.php(47): CInlineAction->runWithParamsInternal()
#9 C:\wamp\www\sommelier\framework\web\CController.php(308): CInlineAction->runWithParams()
#10 C:\wamp\www\sommelier\framework\web\filters\CFilterChain.php(133): CellarWinesController->runAction()
#11 C:\wamp\www\sommelier\framework\web\filters\CFilter.php(40): CFilterChain->run()
#12 C:\wamp\www\sommelier\framework\web\CController.php(1145): CAccessControlFilter->filter()
#13 C:\wamp\www\sommelier\framework\web\filters\CInlineFilter.php(58): CellarWinesController->filterAccessControl()
#14 C:\wamp\www\sommelier\framework\web\filters\CFilterChain.php(130): CInlineFilter->filter()
#15 C:\wamp\www\sommelier\framework\web\CController.php(291): CFilterChain->run()
#16 C:\wamp\www\sommelier\framework\web\CController.php(265): CellarWinesController->runActionWithFilters()
#17 C:\wamp\www\sommelier\framework\web\CWebApplication.php(282): CellarWinesController->run()
#18 C:\wamp\www\sommelier\framework\web\CWebApplication.php(141): CWebApplication->runController()
#19 C:\wamp\www\sommelier\framework\base\CApplication.php(180): CWebApplication->processRequest()
#20 C:\wamp\www\sommelier\index.php(14): CWebApplication->run()
REQUEST_URI=/sommelier/index.php/cellarWines/1
2014/07/21 14:33:01 [error] [php] include(extentions.php): failed to open stream: No such file or directory (C:\wamp\www\sommelier\framework\YiiBase.php:427)
Stack trace:
#0 C:\wamp\www\sommelier\protected\views\cellarWines\view.php(25): spl_autoload_call()
#1 C:\wamp\www\sommelier\framework\web\CBaseController.php(126): require()
#2 C:\wamp\www\sommelier\framework\web\CBaseController.php(95): CellarWinesController->renderInternal()
#3 C:\wamp\www\sommelier\framework\web\CController.php(869): CellarWinesController->renderFile()
#4 C:\wamp\www\sommelier\framework\web\CController.php(782): CellarWinesController->renderPartial()
#5 C:\wamp\www\sommelier\protected\controllers\CellarWinesController.php(52): CellarWinesController->render()
#6 unknown(0): CellarWinesController->actionView()
#7 C:\wamp\www\sommelier\framework\web\actions\CAction.php(108): ReflectionMethod->invokeArgs()
#8 C:\wamp\www\sommelier\framework\web\actions\CInlineAction.php(47): CInlineAction->runWithParamsInternal()
#9 C:\wamp\www\sommelier\framework\web\CController.php(308): CInlineAction->runWithParams()
#10 C:\wamp\www\sommelier\framework\web\filters\CFilterChain.php(133): CellarWinesController->runAction()
#11 C:\wamp\www\sommelier\framework\web\filters\CFilter.php(40): CFilterChain->run()
#12 C:\wamp\www\sommelier\framework\web\CController.php(1145): CAccessControlFilter->filter()
#13 C:\wamp\www\sommelier\framework\web\filters\CInlineFilter.php(58): CellarWinesController->filterAccessControl()
#14 C:\wamp\www\sommelier\framework\web\filters\CFilterChain.php(130): CInlineFilter->filter()
#15 C:\wamp\www\sommelier\framework\web\CController.php(291): CFilterChain->run()
#16 C:\wamp\www\sommelier\framework\web\CController.php(265): CellarWinesController->runActionWithFilters()
#17 C:\wamp\www\sommelier\framework\web\CWebApplication.php(282): CellarWinesController->run()
#18 C:\wamp\www\sommelier\framework\web\CWebApplication.php(141): CWebApplication->runController()
#19 C:\wamp\www\sommelier\framework\base\CApplication.php(180): CWebApplication->processRequest()
#20 C:\wamp\www\sommelier\index.php(14): CWebApplication->run()
REQUEST_URI=/sommelier/index.php/cellarWines/1
2014/07/21 14:35:37 [error] [php] include(web.php): failed to open stream: No such file or directory (C:\wamp\www\sommelier\framework\YiiBase.php:427)
Stack trace:
#0 C:\wamp\www\sommelier\protected\extensions\MyFormatter\MyFormatter.php(19): spl_autoload_call()
#1 C:\wamp\www\sommelier\framework\utils\CFormatter.php(128): MyFormatter->formatStarRating()
#2 C:\wamp\www\sommelier\framework\zii\widgets\CDetailView.php(218): MyFormatter->format()
#3 C:\wamp\www\sommelier\framework\web\CBaseController.php(173): CDetailView->run()
#4 C:\wamp\www\sommelier\protected\views\cellarWines\view.php(64): CellarWinesController->widget()
#5 C:\wamp\www\sommelier\framework\web\CBaseController.php(126): require()
#6 C:\wamp\www\sommelier\framework\web\CBaseController.php(95): CellarWinesController->renderInternal()
#7 C:\wamp\www\sommelier\framework\web\CController.php(869): CellarWinesController->renderFile()
#8 C:\wamp\www\sommelier\framework\web\CController.php(782): CellarWinesController->renderPartial()
#9 C:\wamp\www\sommelier\protected\controllers\CellarWinesController.php(52): CellarWinesController->render()
#10 unknown(0): CellarWinesController->actionView()
#11 C:\wamp\www\sommelier\framework\web\actions\CAction.php(108): ReflectionMethod->invokeArgs()
#12 C:\wamp\www\sommelier\framework\web\actions\CInlineAction.php(47): CInlineAction->runWithParamsInternal()
#13 C:\wamp\www\sommelier\framework\web\CController.php(308): CInlineAction->runWithParams()
#14 C:\wamp\www\sommelier\framework\web\filters\CFilterChain.php(133): CellarWinesController->runAction()
#15 C:\wamp\www\sommelier\framework\web\filters\CFilter.php(40): CFilterChain->run()
#16 C:\wamp\www\sommelier\framework\web\CController.php(1145): CAccessControlFilter->filter()
#17 C:\wamp\www\sommelier\framework\web\filters\CInlineFilter.php(58): CellarWinesController->filterAccessControl()
#18 C:\wamp\www\sommelier\framework\web\filters\CFilterChain.php(130): CInlineFilter->filter()
#19 C:\wamp\www\sommelier\framework\web\CController.php(291): CFilterChain->run()
#20 C:\wamp\www\sommelier\framework\web\CController.php(265): CellarWinesController->runActionWithFilters()
#21 C:\wamp\www\sommelier\framework\web\CWebApplication.php(282): CellarWinesController->run()
#22 C:\wamp\www\sommelier\framework\web\CWebApplication.php(141): CWebApplication->runController()
#23 C:\wamp\www\sommelier\framework\base\CApplication.php(180): CWebApplication->processRequest()
#24 C:\wamp\www\sommelier\index.php(14): CWebApplication->run()
REQUEST_URI=/sommelier/index.php/cellarWines/1
2014/07/21 14:36:06 [error] [php] Use of undefined constant system - assumed 'system' (C:\wamp\www\sommelier\protected\extensions\MyFormatter\MyFormatter.php:19)
Stack trace:
#0 C:\wamp\www\sommelier\framework\web\CBaseController.php(173): CDetailView->run()
#1 C:\wamp\www\sommelier\protected\views\cellarWines\view.php(64): CellarWinesController->widget()
#2 C:\wamp\www\sommelier\framework\web\CBaseController.php(126): require()
#3 C:\wamp\www\sommelier\framework\web\CBaseController.php(95): CellarWinesController->renderInternal()
#4 C:\wamp\www\sommelier\framework\web\CController.php(869): CellarWinesController->renderFile()
#5 C:\wamp\www\sommelier\framework\web\CController.php(782): CellarWinesController->renderPartial()
#6 C:\wamp\www\sommelier\protected\controllers\CellarWinesController.php(52): CellarWinesController->render()
#7 unknown(0): CellarWinesController->actionView()
#8 C:\wamp\www\sommelier\framework\web\actions\CAction.php(108): ReflectionMethod->invokeArgs()
#9 C:\wamp\www\sommelier\framework\web\actions\CInlineAction.php(47): CInlineAction->runWithParamsInternal()
#10 C:\wamp\www\sommelier\framework\web\CController.php(308): CInlineAction->runWithParams()
#11 C:\wamp\www\sommelier\framework\web\filters\CFilterChain.php(133): CellarWinesController->runAction()
#12 C:\wamp\www\sommelier\framework\web\filters\CFilter.php(40): CFilterChain->run()
#13 C:\wamp\www\sommelier\framework\web\CController.php(1145): CAccessControlFilter->filter()
#14 C:\wamp\www\sommelier\framework\web\filters\CInlineFilter.php(58): CellarWinesController->filterAccessControl()
#15 C:\wamp\www\sommelier\framework\web\filters\CFilterChain.php(130): CInlineFilter->filter()
#16 C:\wamp\www\sommelier\framework\web\CController.php(291): CFilterChain->run()
#17 C:\wamp\www\sommelier\framework\web\CController.php(265): CellarWinesController->runActionWithFilters()
#18 C:\wamp\www\sommelier\framework\web\CWebApplication.php(282): CellarWinesController->run()
#19 C:\wamp\www\sommelier\framework\web\CWebApplication.php(141): CWebApplication->runController()
#20 C:\wamp\www\sommelier\framework\base\CApplication.php(180): CWebApplication->processRequest()
#21 C:\wamp\www\sommelier\index.php(14): CWebApplication->run()
REQUEST_URI=/sommelier/index.php/cellarWines/1
2014/07/21 14:45:11 [error] [exception.CException] exception 'CException' with message 'MyFormatter and its behaviors do not have a method or closure named "renderPartial".' in C:\wamp\www\sommelier\framework\base\CComponent.php:266
Stack trace:
#0 C:\wamp\www\sommelier\framework\utils\CFormatter.php(113): CComponent->__call('renderPartial', Array)
#1 C:\wamp\www\sommelier\protected\extensions\MyFormatter\MyFormatter.php(25): CFormatter->__call('renderPartial', Array)
#2 C:\wamp\www\sommelier\protected\extensions\MyFormatter\MyFormatter.php(25): MyFormatter->renderPartial('CStarRating', Array)
#3 C:\wamp\www\sommelier\framework\utils\CFormatter.php(128): MyFormatter->formatStarRating('90')
#4 C:\wamp\www\sommelier\framework\zii\widgets\CDetailView.php(218): CFormatter->format('90', 'starRating')
#5 C:\wamp\www\sommelier\framework\web\CBaseController.php(173): CDetailView->run()
#6 C:\wamp\www\sommelier\protected\views\cellarWines\view.php(64): CBaseController->widget('zii.widgets.CDe...', Array)
#7 C:\wamp\www\sommelier\framework\web\CBaseController.php(126): require('C:\wamp\www\som...')
#8 C:\wamp\www\sommelier\framework\web\CBaseController.php(95): CBaseController->renderInternal('C:\wamp\www\som...', Array, true)
#9 C:\wamp\www\sommelier\framework\web\CController.php(869): CBaseController->renderFile('C:\wamp\www\som...', Array, true)
#10 C:\wamp\www\sommelier\framework\web\CController.php(782): CController->renderPartial('view', Array, true)
#11 C:\wamp\www\sommelier\protected\controllers\CellarWinesController.php(52): CController->render('view', Array)
#12 [internal function]: CellarWinesController->actionView('1')
#13 C:\wamp\www\sommelier\framework\web\actions\CAction.php(108): ReflectionMethod->invokeArgs(Object(CellarWinesController), Array)
#14 C:\wamp\www\sommelier\framework\web\actions\CInlineAction.php(47): CAction->runWithParamsInternal(Object(CellarWinesController), Object(ReflectionMethod), Array)
#15 C:\wamp\www\sommelier\framework\web\CController.php(308): CInlineAction->runWithParams(Array)
#16 C:\wamp\www\sommelier\framework\web\filters\CFilterChain.php(133): CController->runAction(Object(CInlineAction))
#17 C:\wamp\www\sommelier\framework\web\filters\CFilter.php(40): CFilterChain->run()
#18 C:\wamp\www\sommelier\framework\web\CController.php(1145): CFilter->filter(Object(CFilterChain))
#19 C:\wamp\www\sommelier\framework\web\filters\CInlineFilter.php(58): CController->filterAccessControl(Object(CFilterChain))
#20 C:\wamp\www\sommelier\framework\web\filters\CFilterChain.php(130): CInlineFilter->filter(Object(CFilterChain))
#21 C:\wamp\www\sommelier\framework\web\CController.php(291): CFilterChain->run()
#22 C:\wamp\www\sommelier\framework\web\CController.php(265): CController->runActionWithFilters(Object(CInlineAction), Array)
#23 C:\wamp\www\sommelier\framework\web\CWebApplication.php(282): CController->run('view')
#24 C:\wamp\www\sommelier\framework\web\CWebApplication.php(141): CWebApplication->runController('cellarWines/vie...')
#25 C:\wamp\www\sommelier\framework\base\CApplication.php(180): CWebApplication->processRequest()
#26 C:\wamp\www\sommelier\index.php(14): CApplication->run()
#27 {main}
REQUEST_URI=/sommelier/index.php/cellarWines/1
HTTP_REFERER=http://localhost/sommelier/index.php/cellarWines/index?cellar_id=1
---
2014/07/21 15:14:32 [error] [php] Undefined variable: value (C:\wamp\www\sommelier\protected\views\cellarWines\view.php:29)
Stack trace:
#0 C:\wamp\www\sommelier\framework\web\CController.php(869): CellarWinesController->renderFile()
#1 C:\wamp\www\sommelier\framework\web\CController.php(782): CellarWinesController->renderPartial()
#2 C:\wamp\www\sommelier\protected\controllers\CellarWinesController.php(52): CellarWinesController->render()
#3 unknown(0): CellarWinesController->actionView()
#4 C:\wamp\www\sommelier\framework\web\actions\CAction.php(108): ReflectionMethod->invokeArgs()
#5 C:\wamp\www\sommelier\framework\web\actions\CInlineAction.php(47): CInlineAction->runWithParamsInternal()
#6 C:\wamp\www\sommelier\framework\web\CController.php(308): CInlineAction->runWithParams()
#7 C:\wamp\www\sommelier\framework\web\filters\CFilterChain.php(133): CellarWinesController->runAction()
#8 C:\wamp\www\sommelier\framework\web\filters\CFilter.php(40): CFilterChain->run()
#9 C:\wamp\www\sommelier\framework\web\CController.php(1145): CAccessControlFilter->filter()
#10 C:\wamp\www\sommelier\framework\web\filters\CInlineFilter.php(58): CellarWinesController->filterAccessControl()
#11 C:\wamp\www\sommelier\framework\web\filters\CFilterChain.php(130): CInlineFilter->filter()
#12 C:\wamp\www\sommelier\framework\web\CController.php(291): CFilterChain->run()
#13 C:\wamp\www\sommelier\framework\web\CController.php(265): CellarWinesController->runActionWithFilters()
#14 C:\wamp\www\sommelier\framework\web\CWebApplication.php(282): CellarWinesController->run()
#15 C:\wamp\www\sommelier\framework\web\CWebApplication.php(141): CWebApplication->runController()
#16 C:\wamp\www\sommelier\framework\base\CApplication.php(180): CWebApplication->processRequest()
#17 C:\wamp\www\sommelier\index.php(14): CWebApplication->run()
REQUEST_URI=/sommelier/index.php/cellarWines/1
2014/07/21 15:15:53 [error] [exception.CException] exception 'CException' with message 'Unknown type "bold".' in C:\wamp\www\sommelier\framework\utils\CFormatter.php:130
Stack trace:
#0 C:\wamp\www\sommelier\framework\zii\widgets\CDetailView.php(218): CFormatter->format('90', 'bold')
#1 C:\wamp\www\sommelier\framework\web\CBaseController.php(173): CDetailView->run()
#2 C:\wamp\www\sommelier\protected\views\cellarWines\view.php(80): CBaseController->widget('zii.widgets.CDe...', Array)
#3 C:\wamp\www\sommelier\framework\web\CBaseController.php(126): require('C:\wamp\www\som...')
#4 C:\wamp\www\sommelier\framework\web\CBaseController.php(95): CBaseController->renderInternal('C:\wamp\www\som...', Array, true)
#5 C:\wamp\www\sommelier\framework\web\CController.php(869): CBaseController->renderFile('C:\wamp\www\som...', Array, true)
#6 C:\wamp\www\sommelier\framework\web\CController.php(782): CController->renderPartial('view', Array, true)
#7 C:\wamp\www\sommelier\protected\controllers\CellarWinesController.php(52): CController->render('view', Array)
#8 [internal function]: CellarWinesController->actionView('1')
#9 C:\wamp\www\sommelier\framework\web\actions\CAction.php(108): ReflectionMethod->invokeArgs(Object(CellarWinesController), Array)
#10 C:\wamp\www\sommelier\framework\web\actions\CInlineAction.php(47): CAction->runWithParamsInternal(Object(CellarWinesController), Object(ReflectionMethod), Array)
#11 C:\wamp\www\sommelier\framework\web\CController.php(308): CInlineAction->runWithParams(Array)
#12 C:\wamp\www\sommelier\framework\web\filters\CFilterChain.php(133): CController->runAction(Object(CInlineAction))
#13 C:\wamp\www\sommelier\framework\web\filters\CFilter.php(40): CFilterChain->run()
#14 C:\wamp\www\sommelier\framework\web\CController.php(1145): CFilter->filter(Object(CFilterChain))
#15 C:\wamp\www\sommelier\framework\web\filters\CInlineFilter.php(58): CController->filterAccessControl(Object(CFilterChain))
#16 C:\wamp\www\sommelier\framework\web\filters\CFilterChain.php(130): CInlineFilter->filter(Object(CFilterChain))
#17 C:\wamp\www\sommelier\framework\web\CController.php(291): CFilterChain->run()
#18 C:\wamp\www\sommelier\framework\web\CController.php(265): CController->runActionWithFilters(Object(CInlineAction), Array)
#19 C:\wamp\www\sommelier\framework\web\CWebApplication.php(282): CController->run('view')
#20 C:\wamp\www\sommelier\framework\web\CWebApplication.php(141): CWebApplication->runController('cellarWines/vie...')
#21 C:\wamp\www\sommelier\framework\base\CApplication.php(180): CWebApplication->processRequest()
#22 C:\wamp\www\sommelier\index.php(14): CApplication->run()
#23 {main}
REQUEST_URI=/sommelier/index.php/cellarWines/1
HTTP_REFERER=http://localhost/sommelier/index.php/cellarWines/index?cellar_id=1
---
2014/07/21 15:26:49 [error] [php] Undefined variable: model_rating (C:\wamp\www\sommelier\protected\views\cellarWines\view.php:34)
Stack trace:
#0 C:\wamp\www\sommelier\framework\web\CController.php(869): CellarWinesController->renderFile()
#1 C:\wamp\www\sommelier\framework\web\CController.php(782): CellarWinesController->renderPartial()
#2 C:\wamp\www\sommelier\protected\controllers\CellarWinesController.php(52): CellarWinesController->render()
#3 unknown(0): CellarWinesController->actionView()
#4 C:\wamp\www\sommelier\framework\web\actions\CAction.php(108): ReflectionMethod->invokeArgs()
#5 C:\wamp\www\sommelier\framework\web\actions\CInlineAction.php(47): CInlineAction->runWithParamsInternal()
#6 C:\wamp\www\sommelier\framework\web\CController.php(308): CInlineAction->runWithParams()
#7 C:\wamp\www\sommelier\framework\web\filters\CFilterChain.php(133): CellarWinesController->runAction()
#8 C:\wamp\www\sommelier\framework\web\filters\CFilter.php(40): CFilterChain->run()
#9 C:\wamp\www\sommelier\framework\web\CController.php(1145): CAccessControlFilter->filter()
#10 C:\wamp\www\sommelier\framework\web\filters\CInlineFilter.php(58): CellarWinesController->filterAccessControl()
#11 C:\wamp\www\sommelier\framework\web\filters\CFilterChain.php(130): CInlineFilter->filter()
#12 C:\wamp\www\sommelier\framework\web\CController.php(291): CFilterChain->run()
#13 C:\wamp\www\sommelier\framework\web\CController.php(265): CellarWinesController->runActionWithFilters()
#14 C:\wamp\www\sommelier\framework\web\CWebApplication.php(282): CellarWinesController->run()
#15 C:\wamp\www\sommelier\framework\web\CWebApplication.php(141): CWebApplication->runController()
#16 C:\wamp\www\sommelier\framework\base\CApplication.php(180): CWebApplication->processRequest()
#17 C:\wamp\www\sommelier\index.php(14): CWebApplication->run()
REQUEST_URI=/sommelier/index.php/cellarWines/1
2014/07/21 15:32:03 [error] [exception.CException] exception 'CException' with message 'Property "Wines.rating" is not defined.' in C:\wamp\www\sommelier\framework\base\CComponent.php:130
Stack trace:
#0 C:\wamp\www\sommelier\framework\db\ar\CActiveRecord.php(145): CComponent->__get('rating')
#1 C:\wamp\www\sommelier\protected\views\wines\view.php(31): CActiveRecord->__get('rating')
#2 C:\wamp\www\sommelier\framework\web\CBaseController.php(126): require('C:\wamp\www\som...')
#3 C:\wamp\www\sommelier\framework\web\CBaseController.php(95): CBaseController->renderInternal('C:\wamp\www\som...', Array, true)
#4 C:\wamp\www\sommelier\framework\web\CController.php(869): CBaseController->renderFile('C:\wamp\www\som...', Array, true)
#5 C:\wamp\www\sommelier\framework\web\CController.php(782): CController->renderPartial('view', Array, true)
#6 C:\wamp\www\sommelier\protected\controllers\WinesController.php(48): CController->render('view', Array)
#7 [internal function]: WinesController->actionView('4')
#8 C:\wamp\www\sommelier\framework\web\actions\CAction.php(108): ReflectionMethod->invokeArgs(Object(WinesController), Array)
#9 C:\wamp\www\sommelier\framework\web\actions\CInlineAction.php(47): CAction->runWithParamsInternal(Object(WinesController), Object(ReflectionMethod), Array)
#10 C:\wamp\www\sommelier\framework\web\CController.php(308): CInlineAction->runWithParams(Array)
#11 C:\wamp\www\sommelier\framework\web\filters\CFilterChain.php(133): CController->runAction(Object(CInlineAction))
#12 C:\wamp\www\sommelier\framework\web\filters\CFilter.php(40): CFilterChain->run()
#13 C:\wamp\www\sommelier\framework\web\CController.php(1145): CFilter->filter(Object(CFilterChain))
#14 C:\wamp\www\sommelier\framework\web\filters\CInlineFilter.php(58): CController->filterAccessControl(Object(CFilterChain))
#15 C:\wamp\www\sommelier\framework\web\filters\CFilterChain.php(130): CInlineFilter->filter(Object(CFilterChain))
#16 C:\wamp\www\sommelier\framework\web\CController.php(291): CFilterChain->run()
#17 C:\wamp\www\sommelier\framework\web\CController.php(265): CController->runActionWithFilters(Object(CInlineAction), Array)
#18 C:\wamp\www\sommelier\framework\web\CWebApplication.php(282): CController->run('view')
#19 C:\wamp\www\sommelier\framework\web\CWebApplication.php(141): CWebApplication->runController('wines/view')
#20 C:\wamp\www\sommelier\framework\base\CApplication.php(180): CWebApplication->processRequest()
#21 C:\wamp\www\sommelier\index.php(14): CApplication->run()
#22 {main}
REQUEST_URI=/sommelier/index.php/wines/4
HTTP_REFERER=http://localhost/sommelier/index.php/wines/update/4
---
2014/07/21 16:16:17 [error] [system.db.CDbCommand] CDbCommand::fetchAll() failed: SQLSTATE[42S22]: Column not found: 1054 Unknown column 'region' in 'order clause'. The SQL statement executed was: SELECT * FROM `tbl_appellations` `t` ORDER BY country, region, appellation LIMIT 25.
2014/07/21 16:16:17 [error] [exception.CDbException] exception 'CDbException' with message 'CDbCommand failed to execute the SQL statement: SQLSTATE[42S22]: Column not found: 1054 Unknown column 'region' in 'order clause'. The SQL statement executed was: SELECT * FROM `tbl_appellations` `t` ORDER BY country, region, appellation LIMIT 25' in C:\wamp\www\sommelier\framework\db\CDbCommand.php:543
Stack trace:
#0 C:\wamp\www\sommelier\framework\db\CDbCommand.php(396): CDbCommand->queryInternal('fetchAll', Array, Array)
#1 C:\wamp\www\sommelier\framework\db\ar\CActiveRecord.php(1351): CDbCommand->queryAll()
#2 C:\wamp\www\sommelier\framework\db\ar\CActiveRecord.php(1470): CActiveRecord->query(Object(CDbCriteria), true)
#3 C:\wamp\www\sommelier\framework\web\CActiveDataProvider.php(199): CActiveRecord->findAll(Object(CDbCriteria))
#4 C:\wamp\www\sommelier\framework\web\CDataProvider.php(168): CActiveDataProvider->fetchData()
#5 C:\wamp\www\sommelier\framework\zii\widgets\CBaseListView.php(111): CDataProvider->getData()
#6 C:\wamp\www\sommelier\framework\zii\widgets\CListView.php(211): CBaseListView->init()
#7 C:\wamp\www\sommelier\framework\web\CBaseController.php(147): CListView->init()
#8 C:\wamp\www\sommelier\framework\web\CBaseController.php(172): CBaseController->createWidget('zii.widgets.CLi...', Array)
#9 C:\wamp\www\sommelier\protected\views\appellations\index.php(21): CBaseController->widget('zii.widgets.CLi...', Array)
#10 C:\wamp\www\sommelier\framework\web\CBaseController.php(126): require('C:\wamp\www\som...')
#11 C:\wamp\www\sommelier\framework\web\CBaseController.php(95): CBaseController->renderInternal('C:\wamp\www\som...', Array, true)
#12 C:\wamp\www\sommelier\framework\web\CController.php(869): CBaseController->renderFile('C:\wamp\www\som...', Array, true)
#13 C:\wamp\www\sommelier\framework\web\CController.php(782): CController->renderPartial('index', Array, true)
#14 C:\wamp\www\sommelier\protected\controllers\AppellationsController.php(132): CController->render('index', Array)
#15 C:\wamp\www\sommelier\framework\web\actions\CInlineAction.php(49): AppellationsController->actionIndex()
#16 C:\wamp\www\sommelier\framework\web\CController.php(308): CInlineAction->runWithParams(Array)
#17 C:\wamp\www\sommelier\framework\web\filters\CFilterChain.php(133): CController->runAction(Object(CInlineAction))
#18 C:\wamp\www\sommelier\framework\web\filters\CFilter.php(40): CFilterChain->run()
#19 C:\wamp\www\sommelier\framework\web\CController.php(1145): CFilter->filter(Object(CFilterChain))
#20 C:\wamp\www\sommelier\framework\web\filters\CInlineFilter.php(58): CController->filterAccessControl(Object(CFilterChain))
#21 C:\wamp\www\sommelier\framework\web\filters\CFilterChain.php(130): CInlineFilter->filter(Object(CFilterChain))
#22 C:\wamp\www\sommelier\framework\web\CController.php(291): CFilterChain->run()
#23 C:\wamp\www\sommelier\framework\web\CController.php(265): CController->runActionWithFilters(Object(CInlineAction), Array)
#24 C:\wamp\www\sommelier\framework\web\CWebApplication.php(282): CController->run('index')
#25 C:\wamp\www\sommelier\framework\web\CWebApplication.php(141): CWebApplication->runController('appellations/in...')
#26 C:\wamp\www\sommelier\framework\base\CApplication.php(180): CWebApplication->processRequest()
#27 C:\wamp\www\sommelier\index.php(14): CApplication->run()
#28 {main}
REQUEST_URI=/sommelier/index.php/appellations/index
HTTP_REFERER=http://localhost/sommelier/index.php/appellations/admin
---
2014/07/21 16:16:33 [error] [system.db.CDbCommand] CDbCommand::fetchAll() failed: SQLSTATE[42S22]: Column not found: 1054 Unknown column 'country_id' in 'order clause'. The SQL statement executed was: SELECT * FROM `tbl_appellations` `t` ORDER BY country_id, region_id, appellation LIMIT 25.
2014/07/21 16:16:33 [error] [exception.CDbException] exception 'CDbException' with message 'CDbCommand failed to execute the SQL statement: SQLSTATE[42S22]: Column not found: 1054 Unknown column 'country_id' in 'order clause'. The SQL statement executed was: SELECT * FROM `tbl_appellations` `t` ORDER BY country_id, region_id, appellation LIMIT 25' in C:\wamp\www\sommelier\framework\db\CDbCommand.php:543
Stack trace:
#0 C:\wamp\www\sommelier\framework\db\CDbCommand.php(396): CDbCommand->queryInternal('fetchAll', Array, Array)
#1 C:\wamp\www\sommelier\framework\db\ar\CActiveRecord.php(1351): CDbCommand->queryAll()
#2 C:\wamp\www\sommelier\framework\db\ar\CActiveRecord.php(1470): CActiveRecord->query(Object(CDbCriteria), true)
#3 C:\wamp\www\sommelier\framework\web\CActiveDataProvider.php(199): CActiveRecord->findAll(Object(CDbCriteria))
#4 C:\wamp\www\sommelier\framework\web\CDataProvider.php(168): CActiveDataProvider->fetchData()
#5 C:\wamp\www\sommelier\framework\zii\widgets\CBaseListView.php(111): CDataProvider->getData()
#6 C:\wamp\www\sommelier\framework\zii\widgets\CListView.php(211): CBaseListView->init()
#7 C:\wamp\www\sommelier\framework\web\CBaseController.php(147): CListView->init()
#8 C:\wamp\www\sommelier\framework\web\CBaseController.php(172): CBaseController->createWidget('zii.widgets.CLi...', Array)
#9 C:\wamp\www\sommelier\protected\views\appellations\index.php(21): CBaseController->widget('zii.widgets.CLi...', Array)
#10 C:\wamp\www\sommelier\framework\web\CBaseController.php(126): require('C:\wamp\www\som...')
#11 C:\wamp\www\sommelier\framework\web\CBaseController.php(95): CBaseController->renderInternal('C:\wamp\www\som...', Array, true)
#12 C:\wamp\www\sommelier\framework\web\CController.php(869): CBaseController->renderFile('C:\wamp\www\som...', Array, true)
#13 C:\wamp\www\sommelier\framework\web\CController.php(782): CController->renderPartial('index', Array, true)
#14 C:\wamp\www\sommelier\protected\controllers\AppellationsController.php(132): CController->render('index', Array)
#15 C:\wamp\www\sommelier\framework\web\actions\CInlineAction.php(49): AppellationsController->actionIndex()
#16 C:\wamp\www\sommelier\framework\web\CController.php(308): CInlineAction->runWithParams(Array)
#17 C:\wamp\www\sommelier\framework\web\filters\CFilterChain.php(133): CController->runAction(Object(CInlineAction))
#18 C:\wamp\www\sommelier\framework\web\filters\CFilter.php(40): CFilterChain->run()
#19 C:\wamp\www\sommelier\framework\web\CController.php(1145): CFilter->filter(Object(CFilterChain))
#20 C:\wamp\www\sommelier\framework\web\filters\CInlineFilter.php(58): CController->filterAccessControl(Object(CFilterChain))
#21 C:\wamp\www\sommelier\framework\web\filters\CFilterChain.php(130): CInlineFilter->filter(Object(CFilterChain))
#22 C:\wamp\www\sommelier\framework\web\CController.php(291): CFilterChain->run()
#23 C:\wamp\www\sommelier\framework\web\CController.php(265): CController->runActionWithFilters(Object(CInlineAction), Array)
#24 C:\wamp\www\sommelier\framework\web\CWebApplication.php(282): CController->run('index')
#25 C:\wamp\www\sommelier\framework\web\CWebApplication.php(141): CWebApplication->runController('appellations/in...')
#26 C:\wamp\www\sommelier\framework\base\CApplication.php(180): CWebApplication->processRequest()
#27 C:\wamp\www\sommelier\index.php(14): CApplication->run()
#28 {main}
REQUEST_URI=/sommelier/index.php/appellations/index
HTTP_REFERER=http://localhost/sommelier/index.php/appellations/admin
---
2014/07/21 16:17:56 [error] [system.db.CDbCommand] CDbCommand::fetchAll() failed: SQLSTATE[42000]: Syntax error or access violation: 1064 You have an error in your SQL syntax; check the manual that corresponds to your MySQL server version for the right syntax to use near '>region_name ASC, appellation ASC LIMIT 25' at line 1. The SQL statement executed was: SELECT * FROM `tbl_appellations` `t` ORDER BY common_flg DESC, country ASC, region->region_name ASC, appellation ASC LIMIT 25.
2014/07/21 16:17:56 [error] [exception.CDbException] exception 'CDbException' with message 'CDbCommand failed to execute the SQL statement: SQLSTATE[42000]: Syntax error or access violation: 1064 You have an error in your SQL syntax; check the manual that corresponds to your MySQL server version for the right syntax to use near '>region_name ASC, appellation ASC LIMIT 25' at line 1. The SQL statement executed was: SELECT * FROM `tbl_appellations` `t` ORDER BY common_flg DESC, country ASC, region->region_name ASC, appellation ASC LIMIT 25' in C:\wamp\www\sommelier\framework\db\CDbCommand.php:543
Stack trace:
#0 C:\wamp\www\sommelier\framework\db\CDbCommand.php(396): CDbCommand->queryInternal('fetchAll', Array, Array)
#1 C:\wamp\www\sommelier\framework\db\ar\CActiveRecord.php(1351): CDbCommand->queryAll()
#2 C:\wamp\www\sommelier\framework\db\ar\CActiveRecord.php(1470): CActiveRecord->query(Object(CDbCriteria), true)
#3 C:\wamp\www\sommelier\framework\web\CActiveDataProvider.php(199): CActiveRecord->findAll(Object(CDbCriteria))
#4 C:\wamp\www\sommelier\framework\web\CDataProvider.php(168): CActiveDataProvider->fetchData()
#5 C:\wamp\www\sommelier\framework\zii\widgets\CBaseListView.php(111): CDataProvider->getData()
#6 C:\wamp\www\sommelier\framework\zii\widgets\CListView.php(211): CBaseListView->init()
#7 C:\wamp\www\sommelier\framework\web\CBaseController.php(147): CListView->init()
#8 C:\wamp\www\sommelier\framework\web\CBaseController.php(172): CBaseController->createWidget('zii.widgets.CLi...', Array)
#9 C:\wamp\www\sommelier\protected\views\appellations\index.php(21): CBaseController->widget('zii.widgets.CLi...', Array)
#10 C:\wamp\www\sommelier\framework\web\CBaseController.php(126): require('C:\wamp\www\som...')
#11 C:\wamp\www\sommelier\framework\web\CBaseController.php(95): CBaseController->renderInternal('C:\wamp\www\som...', Array, true)
#12 C:\wamp\www\sommelier\framework\web\CController.php(869): CBaseController->renderFile('C:\wamp\www\som...', Array, true)
#13 C:\wamp\www\sommelier\framework\web\CController.php(782): CController->renderPartial('index', Array, true)
#14 C:\wamp\www\sommelier\protected\controllers\AppellationsController.php(132): CController->render('index', Array)
#15 C:\wamp\www\sommelier\framework\web\actions\CInlineAction.php(49): AppellationsController->actionIndex()
#16 C:\wamp\www\sommelier\framework\web\CController.php(308): CInlineAction->runWithParams(Array)
#17 C:\wamp\www\sommelier\framework\web\filters\CFilterChain.php(133): CController->runAction(Object(CInlineAction))
#18 C:\wamp\www\sommelier\framework\web\filters\CFilter.php(40): CFilterChain->run()
#19 C:\wamp\www\sommelier\framework\web\CController.php(1145): CFilter->filter(Object(CFilterChain))
#20 C:\wamp\www\sommelier\framework\web\filters\CInlineFilter.php(58): CController->filterAccessControl(Object(CFilterChain))
#21 C:\wamp\www\sommelier\framework\web\filters\CFilterChain.php(130): CInlineFilter->filter(Object(CFilterChain))
#22 C:\wamp\www\sommelier\framework\web\CController.php(291): CFilterChain->run()
#23 C:\wamp\www\sommelier\framework\web\CController.php(265): CController->runActionWithFilters(Object(CInlineAction), Array)
#24 C:\wamp\www\sommelier\framework\web\CWebApplication.php(282): CController->run('index')
#25 C:\wamp\www\sommelier\framework\web\CWebApplication.php(141): CWebApplication->runController('appellations/in...')
#26 C:\wamp\www\sommelier\framework\base\CApplication.php(180): CWebApplication->processRequest()
#27 C:\wamp\www\sommelier\index.php(14): CApplication->run()
#28 {main}
REQUEST_URI=/sommelier/index.php/appellations/index
HTTP_REFERER=http://localhost/sommelier/index.php/appellations/admin
---
2014/07/21 16:18:26 [error] [system.db.CDbCommand] CDbCommand::fetchAll() failed: SQLSTATE[42S22]: Column not found: 1054 Unknown column 'region.region_name' in 'order clause'. The SQL statement executed was: SELECT * FROM `tbl_appellations` `t` ORDER BY common_flg DESC, country ASC, region.region_name ASC, appellation ASC LIMIT 25.
2014/07/21 16:18:26 [error] [exception.CDbException] exception 'CDbException' with message 'CDbCommand failed to execute the SQL statement: SQLSTATE[42S22]: Column not found: 1054 Unknown column 'region.region_name' in 'order clause'. The SQL statement executed was: SELECT * FROM `tbl_appellations` `t` ORDER BY common_flg DESC, country ASC, region.region_name ASC, appellation ASC LIMIT 25' in C:\wamp\www\sommelier\framework\db\CDbCommand.php:543
Stack trace:
#0 C:\wamp\www\sommelier\framework\db\CDbCommand.php(396): CDbCommand->queryInternal('fetchAll', Array, Array)
#1 C:\wamp\www\sommelier\framework\db\ar\CActiveRecord.php(1351): CDbCommand->queryAll()
#2 C:\wamp\www\sommelier\framework\db\ar\CActiveRecord.php(1470): CActiveRecord->query(Object(CDbCriteria), true)
#3 C:\wamp\www\sommelier\framework\web\CActiveDataProvider.php(199): CActiveRecord->findAll(Object(CDbCriteria))
#4 C:\wamp\www\sommelier\framework\web\CDataProvider.php(168): CActiveDataProvider->fetchData()
#5 C:\wamp\www\sommelier\framework\zii\widgets\CBaseListView.php(111): CDataProvider->getData()
#6 C:\wamp\www\sommelier\framework\zii\widgets\CListView.php(211): CBaseListView->init()
#7 C:\wamp\www\sommelier\framework\web\CBaseController.php(147): CListView->init()
#8 C:\wamp\www\sommelier\framework\web\CBaseController.php(172): CBaseController->createWidget('zii.widgets.CLi...', Array)
#9 C:\wamp\www\sommelier\protected\views\appellations\index.php(21): CBaseController->widget('zii.widgets.CLi...', Array)
#10 C:\wamp\www\sommelier\framework\web\CBaseController.php(126): require('C:\wamp\www\som...')
#11 C:\wamp\www\sommelier\framework\web\CBaseController.php(95): CBaseController->renderInternal('C:\wamp\www\som...', Array, true)
#12 C:\wamp\www\sommelier\framework\web\CController.php(869): CBaseController->renderFile('C:\wamp\www\som...', Array, true)
#13 C:\wamp\www\sommelier\framework\web\CController.php(782): CController->renderPartial('index', Array, true)
#14 C:\wamp\www\sommelier\protected\controllers\AppellationsController.php(132): CController->render('index', Array)
#15 C:\wamp\www\sommelier\framework\web\actions\CInlineAction.php(49): AppellationsController->actionIndex()
#16 C:\wamp\www\sommelier\framework\web\CController.php(308): CInlineAction->runWithParams(Array)
#17 C:\wamp\www\sommelier\framework\web\filters\CFilterChain.php(133): CController->runAction(Object(CInlineAction))
#18 C:\wamp\www\sommelier\framework\web\filters\CFilter.php(40): CFilterChain->run()
#19 C:\wamp\www\sommelier\framework\web\CController.php(1145): CFilter->filter(Object(CFilterChain))
#20 C:\wamp\www\sommelier\framework\web\filters\CInlineFilter.php(58): CController->filterAccessControl(Object(CFilterChain))
#21 C:\wamp\www\sommelier\framework\web\filters\CFilterChain.php(130): CInlineFilter->filter(Object(CFilterChain))
#22 C:\wamp\www\sommelier\framework\web\CController.php(291): CFilterChain->run()
#23 C:\wamp\www\sommelier\framework\web\CController.php(265): CController->runActionWithFilters(Object(CInlineAction), Array)
#24 C:\wamp\www\sommelier\framework\web\CWebApplication.php(282): CController->run('index')
#25 C:\wamp\www\sommelier\framework\web\CWebApplication.php(141): CWebApplication->runController('appellations/in...')
#26 C:\wamp\www\sommelier\framework\base\CApplication.php(180): CWebApplication->processRequest()
#27 C:\wamp\www\sommelier\index.php(14): CApplication->run()
#28 {main}
REQUEST_URI=/sommelier/index.php/appellations/index
HTTP_REFERER=http://localhost/sommelier/index.php/appellations/admin
---
